Using pre-set license

 COMMAND LINE ARGUMENTS:
/Applications/Unity/Hub/Editor/2020.3.9f1/Unity.app/Contents/MacOS/Unity
-adb2
-batchMode
-noUpm
-name
AssetImportWorker0
-projectPath
/Volumes/WorkSpace/WorkSpace/Projects/Kart/Kart
-logFile
Logs/AssetImportWorker0.log
-srvPort
51673
Successfully changed project path to: /Volumes/WorkSpace/WorkSpace/Projects/Kart/Kart
/Volumes/WorkSpace/WorkSpace/Projects/Kart/Kart
Using Asset Import Pipeline V2.
Refreshing native plugins compatible for Editor in 25.72 ms, found 1 plugins.
Preloading 0 native plugins for Editor in 0.00 ms.
Initialize engine version: 2020.3.9f1 (108be757e447)
[Subsystems] Discovering subsystems at path /Applications/Unity/Hub/Editor/2020.3.9f1/Unity.app/Contents/Resources/UnitySubsystems
[Subsystems] Discovering subsystems at path /Volumes/WorkSpace/WorkSpace/Projects/Kart/Kart/Assets
GfxDevice: creating device client; threaded=0
2021-12-17 23:00:59.424 Unity[1742:35639] Color LCD preferred device: Intel Iris Pro Graphics (low power)
2021-12-17 23:00:59.424 Unity[1742:35639] Metal devices available: 1
2021-12-17 23:00:59.424 Unity[1742:35639] 0: Intel Iris Pro Graphics (low power)
2021-12-17 23:00:59.425 Unity[1742:35639] Using device Intel Iris Pro Graphics (low power)
Initializing Metal device caps: Intel Iris Pro Graphics
Initialize mono
Mono path[0] = '/Applications/Unity/Hub/Editor/2020.3.9f1/Unity.app/Contents/Managed'
Mono path[1] = '/Applications/Unity/Hub/Editor/2020.3.9f1/Unity.app/Contents/MonoBleedingEdge/lib/mono/unityjit'
Mono config path = '/Applications/Unity/Hub/Editor/2020.3.9f1/Unity.app/Contents/MonoBleedingEdge/etc'
Using monoOptions --debugger-agent=transport=dt_socket,embedding=1,server=y,suspend=n,address=127.0.0.1:56742
Begin MonoManager ReloadAssembly
Registering precompiled unity dll's ...
Register platform support module: /Applications/Unity/Hub/Editor/2020.3.9f1/Unity.app/Contents/PlaybackEngines/MacStandaloneSupport/UnityEditor.OSXStandalone.Extensions.dll
Registered in 0.000826 seconds.
Native extension for OSXStandalone target not found
Refreshing native plugins compatible for Editor in 28.09 ms, found 1 plugins.
Preloading 0 native plugins for Editor in 0.00 ms.
Mono: successfully reloaded assembly
- Completed reload, in  3.063 seconds
Platform modules already initialized, skipping
Registering precompiled user dll's ...
Registered in 0.000508 seconds.
Begin MonoManager ReloadAssembly
Native extension for OSXStandalone target not found
Refreshing native plugins compatible for Editor in 0.25 ms, found 1 plugins.
Preloading 0 native plugins for Editor in 0.00 ms.
Mono: successfully reloaded assembly
- Completed reload, in  1.264 seconds
Platform modules already initialized, skipping
========================================================================
Worker process is ready to serve import requests
Launching external process: /Applications/Unity/Hub/Editor/2020.3.9f1/Unity.app/Contents/Tools/UnityShaderCompiler
Launched and connected shader compiler UnityShaderCompiler after 0.01 seconds
Refreshing native plugins compatible for Editor in 0.24 ms, found 1 plugins.
Preloading 0 native plugins for Editor in 0.00 ms.
Unloading 1115 Unused Serialized files (Serialized files now loaded: 0)
System memory in use before: 112.3 MB.
System memory in use after: 112.4 MB.

Unloading 10 unused Assets to reduce memory usage. Loaded Objects now: 1557.
Total: 2.003088 ms (FindLiveObjects: 0.179162 ms CreateObjectMapping: 0.041574 ms MarkObjects: 1.683202 ms  DeleteObjects: 0.098187 ms)

========================================================================
Received Import Request.
  path: Assets/Scripts
  artifactKey: Guid(141237bef1aa041769981d05ff25ea52) Importer(815301076,1909f56bfc062723c751e8b465ee728b)
Start importing Assets/Scripts using Guid(141237bef1aa041769981d05ff25ea52) Importer(815301076,1909f56bfc062723c751e8b465ee728b)  -> (artifact id: '89a27db442ad34d2ab12f3dfc4fb29dd') in 0.004841 seconds
  Import took 0.008170 seconds .

========================================================================
Received Import Request.
  Time since last request: 8.963443 seconds.
  path: Assets/Scripts/Test.cs
  artifactKey: Guid(058b03c1e664541acb2820425ae36235) Importer(815301076,1909f56bfc062723c751e8b465ee728b)
Start importing Assets/Scripts/Test.cs using Guid(058b03c1e664541acb2820425ae36235) Importer(815301076,1909f56bfc062723c751e8b465ee728b)  -> (artifact id: '0417aa050cf300fc2c9344ad210b43b0') in 0.389550 seconds
  Import took 0.392183 seconds .

========================================================================
Received Prepare
Registering precompiled user dll's ...
Registered in 0.000410 seconds.
Begin MonoManager ReloadAssembly
Native extension for OSXStandalone target not found
Refreshing native plugins compatible for Editor in 0.24 ms, found 1 plugins.
Preloading 0 native plugins for Editor in 0.00 ms.
Mono: successfully reloaded assembly
- Completed reload, in  1.122 seconds
Platform modules already initialized, skipping
Refreshing native plugins compatible for Editor in 0.24 ms, found 1 plugins.
Preloading 0 native plugins for Editor in 0.00 ms.
Unloading 1111 Unused Serialized files (Serialized files now loaded: 0)
System memory in use before: 117.2 MB.
System memory in use after: 117.2 MB.

Unloading 5 unused Assets to reduce memory usage. Loaded Objects now: 1561.
Total: 2.152671 ms (FindLiveObjects: 0.186454 ms CreateObjectMapping: 0.077270 ms MarkObjects: 1.835934 ms  DeleteObjects: 0.052098 ms)

========================================================================
Received Import Request.
  Time since last request: 34.829568 seconds.
  path: Assets/Scripts/Test.cs
  artifactKey: Guid(058b03c1e664541acb2820425ae36235) Importer(815301076,1909f56bfc062723c751e8b465ee728b)
Start importing Assets/Scripts/Test.cs using Guid(058b03c1e664541acb2820425ae36235) Importer(815301076,1909f56bfc062723c751e8b465ee728b)  -> (artifact id: '84b4f9eb66b4e8f8a6b29c3a0c62e1c4') in 0.014257 seconds
  Import took 0.019990 seconds .

========================================================================
Received Prepare
Registering precompiled user dll's ...
Registered in 0.000528 seconds.
Begin MonoManager ReloadAssembly
Native extension for OSXStandalone target not found
Refreshing native plugins compatible for Editor in 0.25 ms, found 1 plugins.
Preloading 0 native plugins for Editor in 0.00 ms.
Mono: successfully reloaded assembly
- Completed reload, in  1.368 seconds
Platform modules already initialized, skipping
Refreshing native plugins compatible for Editor in 0.27 ms, found 1 plugins.
Preloading 0 native plugins for Editor in 0.00 ms.
Unloading 1111 Unused Serialized files (Serialized files now loaded: 0)
System memory in use before: 117.4 MB.
System memory in use after: 117.5 MB.

Unloading 5 unused Assets to reduce memory usage. Loaded Objects now: 1564.
Total: 2.200462 ms (FindLiveObjects: 0.177038 ms CreateObjectMapping: 0.073286 ms MarkObjects: 1.893340 ms  DeleteObjects: 0.055938 ms)

